
ROM used:   143/8192 (2%)
            143/8192 (2%) including unused fragments

            0.2 Average locations per line
            11.9 Average locations per statement

RAM used:   8/368 (2%) at main() level
            9/368 (2%) worst case

Stack used: 0 worst case (0 in main + 0 for interrupts)
Stack size: 8

Lines Stmts  %   Files
----- ----- ---  -----
   38    12 100  PWM1.c
  810     0   0  ..\..\..\..\..\..\..\..\..\..\Program Files (x86)\PICCDEMO\Devices\16F887.h
----- -----
  848    12 Total

Page ROM  %  RAM    Vol Diff  Functions:
---- --- --- ---    --- ----  ----------
0     20  14    1             @delay_ms1
0    119  83    0    351  5.6  main
 Inline         0             @cinit1

Program metrics:
    Functions               1
    Statements              12
    Comments                169
    Volume (V)              355
    Difficulty (D)          5.3
    Effort to implement (E) 1863
    Time to implement (T)   2 minutes
    Est Delivered Bugs (B)  0
    Cyclomatic Complexity   2
    Maintainability (MI)    148

 Segment     Used  Free
-----------  ----  ----
00000-00003     4  0  
00004-007FF   139  1905  
00800-00FFF     0  2048  
01000-017FF     0  2048  
01800-01FFF     0  2048  



